# JRE version: Java(TM) SE Runtime Environment (21.0.1+12) (build 21.0.1+12-LTS-29)
# Java VM: Java HotSpot(TM) 64-Bit Server VM (21.0.1+12-LTS-29, mixed mode, emulated-client, sharing, tiered, compressed oops, compressed class ptrs, g1 gc, windows-amd64)
GC Precious Log:
 CardTable entry size: 512
 Card Set container configuration: InlinePtr #cards 4 size 8 Array Of Cards #cards 16 size 48 Howl #buckets 8 coarsen threshold 3686 Howl Bitmap #cards 512 size 80 coarsen threshold 460 Card regions per heap region 1 cards per card region 4096
 CPUs: 16 total, 16 available
 Memory: 16068M
 Large Page Support: Disabled
 NUMA Support: Disabled
 Compressed Oops: Enabled (Zero based)
 Heap Region Size: 2M
 Heap Min Capacity: 8M
 Heap Initial Capacity: 252M
 Heap Max Capacity: 4018M
 Pre-touch: Disabled
 Parallel Workers: 13
 Concurrent Workers: 3
 Concurrent Refinement Workers: 13
 Periodic GC: Disabled
Heap:
 garbage-first heap   total 157696K, used 88588K [0x0000000704e00000, 0x0000000800000000)
  region size 2048K, 16 young (32768K), 0 survivors (0K)
 Metaspace       used 49318K, committed 49984K, reserved 1114112K
  class space    used 6753K, committed 7040K, reserved 1048576K
GC Heap History (20 events):
Event: 1.716 GC heap before
{Heap before GC invocations=4 (full 0):
 garbage-first heap   total 49152K, used 46721K [0x0000000704e00000, 0x0000000800000000)
  region size 2048K, 21 young (43008K), 2 survivors (4096K)
 Metaspace       used 19748K, committed 20160K, reserved 1114112K
  class space    used 2566K, committed 2752K, reserved 1048576K
}
Event: 1.719 GC heap after
{Heap after GC invocations=5 (full 0):
 garbage-first heap   total 55296K, used 10600K [0x0000000704e00000, 0x0000000800000000)
  region size 2048K, 3 young (6144K), 3 survivors (6144K)
 Metaspace       used 19748K, committed 20160K, reserved 1114112K
  class space    used 2566K, committed 2752K, reserved 1048576K
}
Event: 1.797 GC heap before
{Heap before GC invocations=5 (full 0):
 garbage-first heap   total 55296K, used 35176K [0x0000000704e00000, 0x0000000800000000)
  region size 2048K, 16 young (32768K), 3 survivors (6144K)
 Metaspace       used 21911K, committed 22336K, reserved 1114112K
  class space    used 2818K, committed 3008K, reserved 1048576K
}
Event: 1.803 GC heap after
{Heap after GC invocations=6 (full 0):
 garbage-first heap   total 55296K, used 11638K [0x0000000704e00000, 0x0000000800000000)
  region size 2048K, 2 young (4096K), 2 survivors (4096K)
 Metaspace       used 21911K, committed 22336K, reserved 1114112K
  class space    used 2818K, committed 3008K, reserved 1048576K
}
Event: 2.263 GC heap before
{Heap before GC invocations=6 (full 0):
 garbage-first heap   total 55296K, used 38262K [0x0000000704e00000, 0x0000000800000000)
  region size 2048K, 16 young (32768K), 2 survivors (4096K)
 Metaspace       used 23140K, committed 23680K, reserved 1114112K
  class space    used 3013K, committed 3264K, reserved 1048576K
}
Event: 2.268 GC heap after
{Heap after GC invocations=7 (full 0):
 garbage-first heap   total 157696K, used 12724K [0x0000000704e00000, 0x0000000800000000)
  region size 2048K, 2 young (4096K), 2 survivors (4096K)
 Metaspace       used 23140K, committed 23680K, reserved 1114112K
  class space    used 3013K, committed 3264K, reserved 1048576K
}
Event: 2.922 GC heap before
{Heap before GC invocations=7 (full 0):
 garbage-first heap   total 157696K, used 78260K [0x0000000704e00000, 0x0000000800000000)
  region size 2048K, 35 young (71680K), 2 survivors (4096K)
 Metaspace       used 28145K, committed 28608K, reserved 1114112K
  class space    used 3759K, committed 3968K, reserved 1048576K
}
Event: 2.930 GC heap after
{Heap after GC invocations=8 (full 0):
 garbage-first heap   total 157696K, used 15527K [0x0000000704e00000, 0x0000000800000000)
  region size 2048K, 3 young (6144K), 3 survivors (6144K)
 Metaspace       used 28145K, committed 28608K, reserved 1114112K
  class space    used 3759K, committed 3968K, reserved 1048576K
}
Event: 3.215 GC heap before
{Heap before GC invocations=9 (full 0):
 garbage-first heap   total 61440K, used 46247K [0x0000000704e00000, 0x0000000800000000)
  region size 2048K, 18 young (36864K), 3 survivors (6144K)
 Metaspace       used 30471K, committed 31040K, reserved 1114112K
  class space    used 4059K, committed 4352K, reserved 1048576K
}
Event: 3.221 GC heap after
{Heap after GC invocations=10 (full 0):
 garbage-first heap   total 61440K, used 17234K [0x0000000704e00000, 0x0000000800000000)
  region size 2048K, 3 young (6144K), 3 survivors (6144K)
 Metaspace       used 30471K, committed 31040K, reserved 1114112K
  class space    used 4059K, committed 4352K, reserved 1048576K
}
Event: 3.506 GC heap before
{Heap before GC invocations=10 (full 0):
 garbage-first heap   total 61440K, used 47954K [0x0000000704e00000, 0x0000000800000000)
  region size 2048K, 18 young (36864K), 3 survivors (6144K)
 Metaspace       used 32991K, committed 33600K, reserved 1114112K
  class space    used 4516K, committed 4800K, reserved 1048576K
}
Event: 3.513 GC heap after
{Heap after GC invocations=11 (full 0):
 garbage-first heap   total 61440K, used 18431K [0x0000000704e00000, 0x0000000800000000)
  region size 2048K, 2 young (4096K), 2 survivors (4096K)
 Metaspace       used 32991K, committed 33600K, reserved 1114112K
  class space    used 4516K, committed 4800K, reserved 1048576K
}
Event: 3.903 GC heap before
{Heap before GC invocations=11 (full 0):
 garbage-first heap   total 61440K, used 51199K [0x0000000704e00000, 0x0000000800000000)
  region size 2048K, 18 young (36864K), 2 survivors (4096K)
 Metaspace       used 36915K, committed 37504K, reserved 1114112K
  class space    used 5030K, committed 5312K, reserved 1048576K
}
Event: 3.908 GC heap after
{Heap after GC invocations=12 (full 0):
 garbage-first heap   total 61440K, used 19840K [0x0000000704e00000, 0x0000000800000000)
  region size 2048K, 3 young (6144K), 3 survivors (6144K)
 Metaspace       used 36915K, committed 37504K, reserved 1114112K
  class space    used 5030K, committed 5312K, reserved 1048576K
}
Event: 4.147 GC heap before
{Heap before GC invocations=12 (full 0):
 garbage-first heap   total 61440K, used 46464K [0x0000000704e00000, 0x0000000800000000)
  region size 2048K, 17 young (34816K), 3 survivors (6144K)
 Metaspace       used 39830K, committed 40384K, reserved 1114112K
  class space    used 5412K, committed 5632K, reserved 1048576K
}
Event: 4.150 GC heap after
{Heap after GC invocations=13 (full 0):
 garbage-first heap   total 159744K, used 21162K [0x0000000704e00000, 0x0000000800000000)
  region size 2048K, 3 young (6144K), 3 survivors (6144K)
 Metaspace       used 39830K, committed 40384K, reserved 1114112K
  class space    used 5412K, committed 5632K, reserved 1048576K
}
Event: 4.519 GC heap before
{Heap before GC invocations=13 (full 0):
 garbage-first heap   total 159744K, used 96938K [0x0000000704e00000, 0x0000000800000000)
  region size 2048K, 33 young (67584K), 3 survivors (6144K)
 Metaspace       used 47125K, committed 47808K, reserved 1114112K
  class space    used 6398K, committed 6720K, reserved 1048576K
}
Event: 4.526 GC heap after
{Heap after GC invocations=14 (full 0):
 garbage-first heap   total 159744K, used 43069K [0x0000000704e00000, 0x0000000800000000)
  region size 2048K, 4 young (8192K), 4 survivors (8192K)
 Metaspace       used 47125K, committed 47808K, reserved 1114112K
  class space    used 6398K, committed 6720K, reserved 1048576K
}
Event: 48.410 GC heap before
{Heap before GC invocations=15 (full 0):
 garbage-first heap   total 157696K, used 77885K [0x0000000704e00000, 0x0000000800000000)
  region size 2048K, 14 young (28672K), 4 survivors (8192K)
 Metaspace       used 48998K, committed 49664K, reserved 1114112K
  class space    used 6690K, committed 6976K, reserved 1048576K
}
Event: 48.450 GC heap after
{Heap after GC invocations=16 (full 1):
 garbage-first heap   total 157696K, used 57868K [0x0000000704e00000, 0x0000000800000000)
  region size 2048K, 0 young (0K), 0 survivors (0K)
 Metaspace       used 48991K, committed 49664K, reserved 1114112K
  class space    used 6688K, committed 6976K, reserved 1048576K
}

